[3.327s] Invoking command in '/home/claudio/robot_ws/src/kilobot_rpi': PYTHONPATH=/home/claudio/robot_ws/src/kilobot_rpi/build/kilobot_rpi/prefix_override:/home/claudio/robot_ws/src/kilobot_rpi/install/kilobot_rpi/lib/python3.10/site-packages:${PYTHONPATH} /usr/bin/python3 setup.py egg_info --egg-base build/kilobot_rpi build --build-base /home/claudio/robot_ws/src/kilobot_rpi/build/kilobot_rpi/build install --record /home/claudio/robot_ws/src/kilobot_rpi/build/kilobot_rpi/install.log --single-version-externally-managed
[4.565s] running egg_info
[4.568s] writing build/kilobot_rpi/kilobot_rpi.egg-info/PKG-INFO
[4.570s] writing dependency_links to build/kilobot_rpi/kilobot_rpi.egg-info/dependency_links.txt
[4.571s] writing entry points to build/kilobot_rpi/kilobot_rpi.egg-info/entry_points.txt
[4.572s] writing requirements to build/kilobot_rpi/kilobot_rpi.egg-info/requires.txt
[4.572s] writing top-level names to build/kilobot_rpi/kilobot_rpi.egg-info/top_level.txt
[4.581s] reading manifest file 'build/kilobot_rpi/kilobot_rpi.egg-info/SOURCES.txt'
[4.582s] adding license file 'LICENSE'
[4.585s] writing manifest file 'build/kilobot_rpi/kilobot_rpi.egg-info/SOURCES.txt'
[4.586s] running build
[4.587s] running build_py
[4.588s] copying kilobot_rpi/cmd_to_pwm_driver.py -> /home/claudio/robot_ws/src/kilobot_rpi/build/kilobot_rpi/build/lib/kilobot_rpi
[4.591s] running install
[4.592s] running install_lib
[4.596s] copying /home/claudio/robot_ws/src/kilobot_rpi/build/kilobot_rpi/build/lib/kilobot_rpi/cmd_to_pwm_driver.py -> /home/claudio/robot_ws/src/kilobot_rpi/install/kilobot_rpi/lib/python3.10/site-packages/kilobot_rpi
[4.600s] byte-compiling /home/claudio/robot_ws/src/kilobot_rpi/install/kilobot_rpi/lib/python3.10/site-packages/kilobot_rpi/cmd_to_pwm_driver.py to cmd_to_pwm_driver.cpython-310.pyc
[4.606s] running install_data
[4.609s] running install_egg_info
[4.616s] removing '/home/claudio/robot_ws/src/kilobot_rpi/install/kilobot_rpi/lib/python3.10/site-packages/kilobot_rpi-0.0.0-py3.10.egg-info' (and everything under it)
[4.618s] Copying build/kilobot_rpi/kilobot_rpi.egg-info to /home/claudio/robot_ws/src/kilobot_rpi/install/kilobot_rpi/lib/python3.10/site-packages/kilobot_rpi-0.0.0-py3.10.egg-info
[4.625s] running install_scripts
[4.702s] Installing cmd_to_pwm_driver script to /home/claudio/robot_ws/src/kilobot_rpi/install/kilobot_rpi/lib/kilobot_rpi
[4.703s] Installing my_node script to /home/claudio/robot_ws/src/kilobot_rpi/install/kilobot_rpi/lib/kilobot_rpi
[4.705s] writing list of installed files to '/home/claudio/robot_ws/src/kilobot_rpi/build/kilobot_rpi/install.log'
[4.847s] Invoked command in '/home/claudio/robot_ws/src/kilobot_rpi' returned '0': PYTHONPATH=/home/claudio/robot_ws/src/kilobot_rpi/build/kilobot_rpi/prefix_override:/home/claudio/robot_ws/src/kilobot_rpi/install/kilobot_rpi/lib/python3.10/site-packages:${PYTHONPATH} /usr/bin/python3 setup.py egg_info --egg-base build/kilobot_rpi build --build-base /home/claudio/robot_ws/src/kilobot_rpi/build/kilobot_rpi/build install --record /home/claudio/robot_ws/src/kilobot_rpi/build/kilobot_rpi/install.log --single-version-externally-managed
