[3.210s] Invoking command in '/home/claudio/robot_ws/src/kilobot_rpi': PYTHONPATH=/home/claudio/robot_ws/src/kilobot_rpi/build/kilobot_rpi/prefix_override:/home/claudio/robot_ws/src/kilobot_rpi/install/kilobot_rpi/lib/python3.10/site-packages:${PYTHONPATH} /usr/bin/python3 setup.py egg_info --egg-base build/kilobot_rpi build --build-base /home/claudio/robot_ws/src/kilobot_rpi/build/kilobot_rpi/build install --record /home/claudio/robot_ws/src/kilobot_rpi/build/kilobot_rpi/install.log --single-version-externally-managed
[4.331s] running egg_info
[4.333s] creating build/kilobot_rpi/kilobot_rpi.egg-info
[4.334s] writing build/kilobot_rpi/kilobot_rpi.egg-info/PKG-INFO
[4.336s] writing dependency_links to build/kilobot_rpi/kilobot_rpi.egg-info/dependency_links.txt
[4.337s] writing entry points to build/kilobot_rpi/kilobot_rpi.egg-info/entry_points.txt
[4.337s] writing requirements to build/kilobot_rpi/kilobot_rpi.egg-info/requires.txt
[4.338s] writing top-level names to build/kilobot_rpi/kilobot_rpi.egg-info/top_level.txt
[4.338s] writing manifest file 'build/kilobot_rpi/kilobot_rpi.egg-info/SOURCES.txt'
[4.346s] reading manifest file 'build/kilobot_rpi/kilobot_rpi.egg-info/SOURCES.txt'
[4.347s] adding license file 'LICENSE'
[4.349s] writing manifest file 'build/kilobot_rpi/kilobot_rpi.egg-info/SOURCES.txt'
[4.350s] running build
[4.350s] running build_py
[4.351s] creating /home/claudio/robot_ws/src/kilobot_rpi/build/kilobot_rpi/build
[4.351s] creating /home/claudio/robot_ws/src/kilobot_rpi/build/kilobot_rpi/build/lib
[4.352s] creating /home/claudio/robot_ws/src/kilobot_rpi/build/kilobot_rpi/build/lib/kilobot_rpi
[4.352s] copying kilobot_rpi/my_node.py -> /home/claudio/robot_ws/src/kilobot_rpi/build/kilobot_rpi/build/lib/kilobot_rpi
[4.353s] copying kilobot_rpi/cmd_to_pwm_driver.py -> /home/claudio/robot_ws/src/kilobot_rpi/build/kilobot_rpi/build/lib/kilobot_rpi
[4.353s] copying kilobot_rpi/motor_pwm_test.py -> /home/claudio/robot_ws/src/kilobot_rpi/build/kilobot_rpi/build/lib/kilobot_rpi
[4.353s] copying kilobot_rpi/__init__.py -> /home/claudio/robot_ws/src/kilobot_rpi/build/kilobot_rpi/build/lib/kilobot_rpi
[4.355s] running install
[4.356s] /usr/lib/python3/dist-packages/setuptools/command/install.py:34: SetuptoolsDeprecationWarning: setup.py install is deprecated. Use build and pip and other standards-based tools.
[4.357s]   warnings.warn(
[4.357s] running install_lib
[4.361s] creating /home/claudio/robot_ws/src/kilobot_rpi/install/kilobot_rpi/lib/python3.10/site-packages/kilobot_rpi
[4.362s] copying /home/claudio/robot_ws/src/kilobot_rpi/build/kilobot_rpi/build/lib/kilobot_rpi/my_node.py -> /home/claudio/robot_ws/src/kilobot_rpi/install/kilobot_rpi/lib/python3.10/site-packages/kilobot_rpi
[4.362s] copying /home/claudio/robot_ws/src/kilobot_rpi/build/kilobot_rpi/build/lib/kilobot_rpi/cmd_to_pwm_driver.py -> /home/claudio/robot_ws/src/kilobot_rpi/install/kilobot_rpi/lib/python3.10/site-packages/kilobot_rpi
[4.363s] copying /home/claudio/robot_ws/src/kilobot_rpi/build/kilobot_rpi/build/lib/kilobot_rpi/motor_pwm_test.py -> /home/claudio/robot_ws/src/kilobot_rpi/install/kilobot_rpi/lib/python3.10/site-packages/kilobot_rpi
[4.364s] copying /home/claudio/robot_ws/src/kilobot_rpi/build/kilobot_rpi/build/lib/kilobot_rpi/__init__.py -> /home/claudio/robot_ws/src/kilobot_rpi/install/kilobot_rpi/lib/python3.10/site-packages/kilobot_rpi
[4.366s] byte-compiling /home/claudio/robot_ws/src/kilobot_rpi/install/kilobot_rpi/lib/python3.10/site-packages/kilobot_rpi/my_node.py to my_node.cpython-310.pyc
[4.368s] byte-compiling /home/claudio/robot_ws/src/kilobot_rpi/install/kilobot_rpi/lib/python3.10/site-packages/kilobot_rpi/cmd_to_pwm_driver.py to cmd_to_pwm_driver.cpython-310.pyc
[4.370s] byte-compiling /home/claudio/robot_ws/src/kilobot_rpi/install/kilobot_rpi/lib/python3.10/site-packages/kilobot_rpi/motor_pwm_test.py to motor_pwm_test.cpython-310.pyc
[4.374s] byte-compiling /home/claudio/robot_ws/src/kilobot_rpi/install/kilobot_rpi/lib/python3.10/site-packages/kilobot_rpi/__init__.py to __init__.cpython-310.pyc
[4.375s] running install_data
[4.377s] creating /home/claudio/robot_ws/src/kilobot_rpi/install/kilobot_rpi/share/ament_index
[4.378s] creating /home/claudio/robot_ws/src/kilobot_rpi/install/kilobot_rpi/share/ament_index/resource_index
[4.378s] creating /home/claudio/robot_ws/src/kilobot_rpi/install/kilobot_rpi/share/ament_index/resource_index/packages
[4.379s] copying resource/kilobot_rpi -> /home/claudio/robot_ws/src/kilobot_rpi/install/kilobot_rpi/share/ament_index/resource_index/packages
[4.379s] copying package.xml -> /home/claudio/robot_ws/src/kilobot_rpi/install/kilobot_rpi/share/kilobot_rpi
[4.379s] running install_egg_info
[4.385s] Copying build/kilobot_rpi/kilobot_rpi.egg-info to /home/claudio/robot_ws/src/kilobot_rpi/install/kilobot_rpi/lib/python3.10/site-packages/kilobot_rpi-0.0.0-py3.10.egg-info
[4.390s] running install_scripts
[4.479s] Installing my_node script to /home/claudio/robot_ws/src/kilobot_rpi/install/kilobot_rpi/lib/kilobot_rpi
[4.481s] writing list of installed files to '/home/claudio/robot_ws/src/kilobot_rpi/build/kilobot_rpi/install.log'
[4.614s] Invoked command in '/home/claudio/robot_ws/src/kilobot_rpi' returned '0': PYTHONPATH=/home/claudio/robot_ws/src/kilobot_rpi/build/kilobot_rpi/prefix_override:/home/claudio/robot_ws/src/kilobot_rpi/install/kilobot_rpi/lib/python3.10/site-packages:${PYTHONPATH} /usr/bin/python3 setup.py egg_info --egg-base build/kilobot_rpi build --build-base /home/claudio/robot_ws/src/kilobot_rpi/build/kilobot_rpi/build install --record /home/claudio/robot_ws/src/kilobot_rpi/build/kilobot_rpi/install.log --single-version-externally-managed
