running egg_info
writing build/kilobot_rpi/kilobot_rpi.egg-info/PKG-INFO
writing dependency_links to build/kilobot_rpi/kilobot_rpi.egg-info/dependency_links.txt
writing entry points to build/kilobot_rpi/kilobot_rpi.egg-info/entry_points.txt
writing requirements to build/kilobot_rpi/kilobot_rpi.egg-info/requires.txt
writing top-level names to build/kilobot_rpi/kilobot_rpi.egg-info/top_level.txt
reading manifest file 'build/kilobot_rpi/kilobot_rpi.egg-info/SOURCES.txt'
adding license file 'LICENSE'
writing manifest file 'build/kilobot_rpi/kilobot_rpi.egg-info/SOURCES.txt'
running build
running build_py
copying kilobot_rpi/Speech_And_Recongnition.py -> /home/claudio/robot_ws/src/kilobot_rpi/build/kilobot_rpi/build/lib/kilobot_rpi
copying kilobot_rpi/cmd_to_pwm_driver.py -> /home/claudio/robot_ws/src/kilobot_rpi/build/kilobot_rpi/build/lib/kilobot_rpi
copying kilobot_rpi/SpeechSample.py -> /home/claudio/robot_ws/src/kilobot_rpi/build/kilobot_rpi/build/lib/kilobot_rpi
copying kilobot_rpi/test_rele.py -> /home/claudio/robot_ws/src/kilobot_rpi/build/kilobot_rpi/build/lib/kilobot_rpi
copying kilobot_rpi/testspeech.py -> /home/claudio/robot_ws/src/kilobot_rpi/build/kilobot_rpi/build/lib/kilobot_rpi
running install
running install_lib
copying /home/claudio/robot_ws/src/kilobot_rpi/build/kilobot_rpi/build/lib/kilobot_rpi/Speech_And_Recongnition.py -> /home/claudio/robot_ws/src/kilobot_rpi/install/kilobot_rpi/lib/python3.10/site-packages/kilobot_rpi
copying /home/claudio/robot_ws/src/kilobot_rpi/build/kilobot_rpi/build/lib/kilobot_rpi/cmd_to_pwm_driver.py -> /home/claudio/robot_ws/src/kilobot_rpi/install/kilobot_rpi/lib/python3.10/site-packages/kilobot_rpi
copying /home/claudio/robot_ws/src/kilobot_rpi/build/kilobot_rpi/build/lib/kilobot_rpi/SpeechSample.py -> /home/claudio/robot_ws/src/kilobot_rpi/install/kilobot_rpi/lib/python3.10/site-packages/kilobot_rpi
copying /home/claudio/robot_ws/src/kilobot_rpi/build/kilobot_rpi/build/lib/kilobot_rpi/test_rele.py -> /home/claudio/robot_ws/src/kilobot_rpi/install/kilobot_rpi/lib/python3.10/site-packages/kilobot_rpi
copying /home/claudio/robot_ws/src/kilobot_rpi/build/kilobot_rpi/build/lib/kilobot_rpi/testspeech.py -> /home/claudio/robot_ws/src/kilobot_rpi/install/kilobot_rpi/lib/python3.10/site-packages/kilobot_rpi
byte-compiling /home/claudio/robot_ws/src/kilobot_rpi/install/kilobot_rpi/lib/python3.10/site-packages/kilobot_rpi/Speech_And_Recongnition.py to Speech_And_Recongnition.cpython-310.pyc
byte-compiling /home/claudio/robot_ws/src/kilobot_rpi/install/kilobot_rpi/lib/python3.10/site-packages/kilobot_rpi/cmd_to_pwm_driver.py to cmd_to_pwm_driver.cpython-310.pyc
byte-compiling /home/claudio/robot_ws/src/kilobot_rpi/install/kilobot_rpi/lib/python3.10/site-packages/kilobot_rpi/SpeechSample.py to SpeechSample.cpython-310.pyc
byte-compiling /home/claudio/robot_ws/src/kilobot_rpi/install/kilobot_rpi/lib/python3.10/site-packages/kilobot_rpi/test_rele.py to test_rele.cpython-310.pyc
byte-compiling /home/claudio/robot_ws/src/kilobot_rpi/install/kilobot_rpi/lib/python3.10/site-packages/kilobot_rpi/testspeech.py to testspeech.cpython-310.pyc
running install_data
running install_egg_info
removing '/home/claudio/robot_ws/src/kilobot_rpi/install/kilobot_rpi/lib/python3.10/site-packages/kilobot_rpi-0.0.0-py3.10.egg-info' (and everything under it)
Copying build/kilobot_rpi/kilobot_rpi.egg-info to /home/claudio/robot_ws/src/kilobot_rpi/install/kilobot_rpi/lib/python3.10/site-packages/kilobot_rpi-0.0.0-py3.10.egg-info
running install_scripts
Installing cmd_to_pwm_driver script to /home/claudio/robot_ws/src/kilobot_rpi/install/kilobot_rpi/lib/kilobot_rpi
Installing my_node script to /home/claudio/robot_ws/src/kilobot_rpi/install/kilobot_rpi/lib/kilobot_rpi
writing list of installed files to '/home/claudio/robot_ws/src/kilobot_rpi/build/kilobot_rpi/install.log'
