[2.660s] DEBUG:colcon:Command line arguments: ['/home/claudio/.local/bin/colcon', 'build']
[2.660s] DEBUG:colcon:Parsed command line arguments: Namespace(log_base=None, log_level=None, verb_name='build', build_base='build', install_base='install', merge_install=False, symlink_install=False, test_result_base=None, continue_on_error=False, executor='parallel', parallel_workers=4, event_handlers=None, ignore_user_meta=False, metas=['./colcon.meta'], base_paths=['.'], packages_ignore=None, packages_ignore_regex=None, paths=None, packages_up_to=None, packages_up_to_regex=None, packages_above=None, packages_above_and_dependencies=None, packages_above_depth=None, packages_select_by_dep=None, packages_skip_by_dep=None, packages_skip_up_to=None, packages_select_build_failed=False, packages_skip_build_finished=False, packages_select_test_failures=False, packages_skip_test_passed=False, packages_select=None, packages_skip=None, packages_select_regex=None, packages_skip_regex=None, packages_start=None, packages_end=None, allow_overriding=[], cmake_args=None, cmake_target=None, cmake_target_skip_unavailable=False, cmake_clean_cache=False, cmake_clean_first=False, cmake_force_configure=False, ament_cmake_args=None, catkin_cmake_args=None, catkin_skip_building_tests=False, verb_parser=<colcon_defaults.argument_parser.defaults.DefaultArgumentsDecorator object at 0xffff8300a710>, verb_extension=<colcon_core.verb.build.BuildVerb object at 0xffff82fa27d0>, main=<bound method BuildVerb.main of <colcon_core.verb.build.BuildVerb object at 0xffff82fa27d0>>)
[2.801s] Level 1:colcon.colcon_core.package_discovery:discover_packages(colcon_meta) check parameters
[2.802s] Level 1:colcon.colcon_core.package_discovery:discover_packages(recursive) check parameters
[2.802s] Level 1:colcon.colcon_core.package_discovery:discover_packages(ignore) check parameters
[2.802s] Level 1:colcon.colcon_core.package_discovery:discover_packages(path) check parameters
[2.802s] Level 1:colcon.colcon_core.package_discovery:discover_packages(colcon_meta) discover
[2.802s] Level 1:colcon.colcon_core.package_discovery:discover_packages(recursive) discover
[2.803s] INFO:colcon.colcon_core.package_discovery:Crawling recursively for packages in '/home/claudio/robot_ws/src/kilobot_rpi'
[2.803s] Level 1:colcon.colcon_core.package_identification:_identify(.) by extensions ['ignore', 'ignore_ament_install']
[2.803s] Level 1:colcon.colcon_core.package_identification:_identify(.) by extension 'ignore'
[2.804s] Level 1:colcon.colcon_core.package_identification:_identify(.) by extension 'ignore_ament_install'
[2.804s] Level 1:colcon.colcon_core.package_identification:_identify(.) by extensions ['colcon_pkg']
[2.804s] Level 1:colcon.colcon_core.package_identification:_identify(.) by extension 'colcon_pkg'
[2.804s] Level 1:colcon.colcon_core.package_identification:_identify(.) by extensions ['colcon_meta']
[2.804s] Level 1:colcon.colcon_core.package_identification:_identify(.) by extension 'colcon_meta'
[2.805s] Level 1:colcon.colcon_core.package_identification:_identify(.) by extensions ['ros']
[2.805s] Level 1:colcon.colcon_core.package_identification:_identify(.) by extension 'ros'
[2.857s] DEBUG:colcon.colcon_core.package_identification:Package '.' with type 'ros.ament_python' and name 'kilobot_rpi'
[2.857s] Level 1:colcon.colcon_core.package_discovery:discover_packages(recursive) using defaults
[2.857s] Level 1:colcon.colcon_core.package_discovery:discover_packages(ignore) discover
[2.857s] Level 1:colcon.colcon_core.package_discovery:discover_packages(ignore) using defaults
[2.858s] Level 1:colcon.colcon_core.package_discovery:discover_packages(path) discover
[2.858s] Level 1:colcon.colcon_core.package_discovery:discover_packages(path) using defaults
[3.015s] Level 1:colcon.colcon_core.package_discovery:discover_packages(prefix_path) check parameters
[3.015s] Level 1:colcon.colcon_core.package_discovery:discover_packages(prefix_path) discover
[3.064s] DEBUG:colcon.colcon_installed_package_information.package_discovery:Found 2 installed packages in /home/claudio/robot_ws/install
[3.088s] DEBUG:colcon.colcon_installed_package_information.package_discovery:Found 274 installed packages in /opt/ros/humble
[3.095s] Level 1:colcon.colcon_core.package_discovery:discover_packages(prefix_path) using defaults
[3.436s] Level 5:colcon.colcon_core.verb:set package 'kilobot_rpi' build argument 'cmake_args' from command line to 'None'
[3.437s] Level 5:colcon.colcon_core.verb:set package 'kilobot_rpi' build argument 'cmake_target' from command line to 'None'
[3.437s] Level 5:colcon.colcon_core.verb:set package 'kilobot_rpi' build argument 'cmake_target_skip_unavailable' from command line to 'False'
[3.437s] Level 5:colcon.colcon_core.verb:set package 'kilobot_rpi' build argument 'cmake_clean_cache' from command line to 'False'
[3.437s] Level 5:colcon.colcon_core.verb:set package 'kilobot_rpi' build argument 'cmake_clean_first' from command line to 'False'
[3.437s] Level 5:colcon.colcon_core.verb:set package 'kilobot_rpi' build argument 'cmake_force_configure' from command line to 'False'
[3.437s] Level 5:colcon.colcon_core.verb:set package 'kilobot_rpi' build argument 'ament_cmake_args' from command line to 'None'
[3.437s] Level 5:colcon.colcon_core.verb:set package 'kilobot_rpi' build argument 'catkin_cmake_args' from command line to 'None'
[3.437s] Level 5:colcon.colcon_core.verb:set package 'kilobot_rpi' build argument 'catkin_skip_building_tests' from command line to 'False'
[3.437s] DEBUG:colcon.colcon_core.verb:Building package 'kilobot_rpi' with the following arguments: {'ament_cmake_args': None, 'build_base': '/home/claudio/robot_ws/src/kilobot_rpi/build/kilobot_rpi', 'catkin_cmake_args': None, 'catkin_skip_building_tests': False, 'cmake_args': None, 'cmake_clean_cache': False, 'cmake_clean_first': False, 'cmake_force_configure': False, 'cmake_target': None, 'cmake_target_skip_unavailable': False, 'install_base': '/home/claudio/robot_ws/src/kilobot_rpi/install/kilobot_rpi', 'merge_install': False, 'path': '/home/claudio/robot_ws/src/kilobot_rpi', 'symlink_install': False, 'test_result_base': None}
[3.447s] INFO:colcon.colcon_core.executor:Executing jobs using 'parallel' executor
[3.506s] DEBUG:colcon.colcon_parallel_executor.executor.parallel:run_until_complete
[3.507s] INFO:colcon.colcon_ros.task.ament_python.build:Building ROS package in '/home/claudio/robot_ws/src/kilobot_rpi' with build type 'ament_python'
[3.508s] Level 1:colcon.colcon_core.shell:create_environment_hook('kilobot_rpi', 'ament_prefix_path')
[3.555s] INFO:colcon.colcon_core.plugin_system:Skipping extension 'colcon_core.shell.bat': Not used on non-Windows systems
[3.556s] INFO:colcon.colcon_core.shell:Creating environment hook '/home/claudio/robot_ws/src/kilobot_rpi/install/kilobot_rpi/share/kilobot_rpi/hook/ament_prefix_path.ps1'
[3.559s] INFO:colcon.colcon_core.shell:Creating environment descriptor '/home/claudio/robot_ws/src/kilobot_rpi/install/kilobot_rpi/share/kilobot_rpi/hook/ament_prefix_path.dsv'
[3.563s] INFO:colcon.colcon_core.shell:Creating environment hook '/home/claudio/robot_ws/src/kilobot_rpi/install/kilobot_rpi/share/kilobot_rpi/hook/ament_prefix_path.sh'
[3.596s] INFO:colcon.colcon_core.shell:Skip shell extension 'powershell' for command environment: Not usable outside of PowerShell
[3.596s] DEBUG:colcon.colcon_core.shell:Skip shell extension 'dsv' for command environment
[5.015s] INFO:colcon.colcon_core.task.python.build:Building Python package in '/home/claudio/robot_ws/src/kilobot_rpi'
[5.044s] INFO:colcon.colcon_core.shell:Skip shell extension 'powershell' for command environment: Not usable outside of PowerShell
[5.044s] DEBUG:colcon.colcon_core.shell:Skip shell extension 'dsv' for command environment
[6.877s] DEBUG:colcon.colcon_core.event_handler.log_command:Invoking command in '/home/claudio/robot_ws/src/kilobot_rpi': PYTHONPATH=/home/claudio/robot_ws/src/kilobot_rpi/build/kilobot_rpi/prefix_override:/home/claudio/robot_ws/src/kilobot_rpi/install/kilobot_rpi/lib/python3.10/site-packages:${PYTHONPATH} /usr/bin/python3 setup.py egg_info --egg-base build/kilobot_rpi build --build-base /home/claudio/robot_ws/src/kilobot_rpi/build/kilobot_rpi/build install --record /home/claudio/robot_ws/src/kilobot_rpi/build/kilobot_rpi/install.log --single-version-externally-managed
[8.456s] DEBUG:colcon.colcon_core.event_handler.log_command:Invoked command in '/home/claudio/robot_ws/src/kilobot_rpi' returned '0': PYTHONPATH=/home/claudio/robot_ws/src/kilobot_rpi/build/kilobot_rpi/prefix_override:/home/claudio/robot_ws/src/kilobot_rpi/install/kilobot_rpi/lib/python3.10/site-packages:${PYTHONPATH} /usr/bin/python3 setup.py egg_info --egg-base build/kilobot_rpi build --build-base /home/claudio/robot_ws/src/kilobot_rpi/build/kilobot_rpi/build install --record /home/claudio/robot_ws/src/kilobot_rpi/build/kilobot_rpi/install.log --single-version-externally-managed
[8.508s] Level 1:colcon.colcon_core.environment:checking '/home/claudio/robot_ws/src/kilobot_rpi/install/kilobot_rpi' for CMake module files
[8.511s] Level 1:colcon.colcon_core.environment:checking '/home/claudio/robot_ws/src/kilobot_rpi/install/kilobot_rpi' for CMake config files
[8.515s] Level 1:colcon.colcon_core.environment:checking '/home/claudio/robot_ws/src/kilobot_rpi/install/kilobot_rpi/lib'
[8.516s] Level 1:colcon.colcon_core.environment:checking '/home/claudio/robot_ws/src/kilobot_rpi/install/kilobot_rpi/bin'
[8.516s] Level 1:colcon.colcon_core.environment:checking '/home/claudio/robot_ws/src/kilobot_rpi/install/kilobot_rpi/lib/pkgconfig/kilobot_rpi.pc'
[8.517s] Level 1:colcon.colcon_core.environment:checking '/home/claudio/robot_ws/src/kilobot_rpi/install/kilobot_rpi/lib/python3.10/site-packages'
[8.517s] Level 1:colcon.colcon_core.shell:create_environment_hook('kilobot_rpi', 'pythonpath')
[8.542s] INFO:colcon.colcon_core.shell:Creating environment hook '/home/claudio/robot_ws/src/kilobot_rpi/install/kilobot_rpi/share/kilobot_rpi/hook/pythonpath.ps1'
[8.544s] INFO:colcon.colcon_core.shell:Creating environment descriptor '/home/claudio/robot_ws/src/kilobot_rpi/install/kilobot_rpi/share/kilobot_rpi/hook/pythonpath.dsv'
[8.546s] INFO:colcon.colcon_core.shell:Creating environment hook '/home/claudio/robot_ws/src/kilobot_rpi/install/kilobot_rpi/share/kilobot_rpi/hook/pythonpath.sh'
[8.548s] Level 1:colcon.colcon_core.environment:checking '/home/claudio/robot_ws/src/kilobot_rpi/install/kilobot_rpi/bin'
[8.549s] Level 1:colcon.colcon_core.environment:create_environment_scripts_only(kilobot_rpi)
[8.573s] INFO:colcon.colcon_core.shell:Creating package script '/home/claudio/robot_ws/src/kilobot_rpi/install/kilobot_rpi/share/kilobot_rpi/package.ps1'
[8.582s] INFO:colcon.colcon_core.shell:Creating package descriptor '/home/claudio/robot_ws/src/kilobot_rpi/install/kilobot_rpi/share/kilobot_rpi/package.dsv'
[8.587s] INFO:colcon.colcon_core.shell:Creating package script '/home/claudio/robot_ws/src/kilobot_rpi/install/kilobot_rpi/share/kilobot_rpi/package.sh'
[8.593s] INFO:colcon.colcon_core.shell:Creating package script '/home/claudio/robot_ws/src/kilobot_rpi/install/kilobot_rpi/share/kilobot_rpi/package.bash'
[8.599s] INFO:colcon.colcon_core.shell:Creating package script '/home/claudio/robot_ws/src/kilobot_rpi/install/kilobot_rpi/share/kilobot_rpi/package.zsh'
[8.604s] Level 1:colcon.colcon_core.environment:create_file_with_runtime_dependencies(/home/claudio/robot_ws/src/kilobot_rpi/install/kilobot_rpi/share/colcon-core/packages/kilobot_rpi)
[8.605s] DEBUG:colcon.colcon_parallel_executor.executor.parallel:closing loop
[8.606s] DEBUG:colcon.colcon_parallel_executor.executor.parallel:loop closed
[8.607s] DEBUG:colcon.colcon_parallel_executor.executor.parallel:run_until_complete finished with '0'
[8.608s] DEBUG:colcon.colcon_core.event_reactor:joining thread
[8.654s] INFO:colcon.colcon_core.plugin_system:Skipping extension 'colcon_notification.desktop_notification.terminal_notifier': Not used on non-Darwin systems
[8.655s] INFO:colcon.colcon_core.plugin_system:Skipping extension 'colcon_notification.desktop_notification.win32': Not used on non-Windows systems
[8.655s] INFO:colcon.colcon_notification.desktop_notification:Sending desktop notification using 'notify2'
[10.014s] DEBUG:colcon.colcon_core.event_reactor:joined thread
[10.066s] INFO:colcon.colcon_core.shell:Creating prefix script '/home/claudio/robot_ws/src/kilobot_rpi/install/local_setup.ps1'
[10.074s] INFO:colcon.colcon_core.shell:Creating prefix util module '/home/claudio/robot_ws/src/kilobot_rpi/install/_local_setup_util_ps1.py'
[10.087s] INFO:colcon.colcon_core.shell:Creating prefix chain script '/home/claudio/robot_ws/src/kilobot_rpi/install/setup.ps1'
[10.126s] INFO:colcon.colcon_core.shell:Creating prefix script '/home/claudio/robot_ws/src/kilobot_rpi/install/local_setup.sh'
[10.133s] INFO:colcon.colcon_core.shell:Creating prefix util module '/home/claudio/robot_ws/src/kilobot_rpi/install/_local_setup_util_sh.py'
[10.142s] INFO:colcon.colcon_core.shell:Creating prefix chain script '/home/claudio/robot_ws/src/kilobot_rpi/install/setup.sh'
[10.200s] INFO:colcon.colcon_core.shell:Creating prefix script '/home/claudio/robot_ws/src/kilobot_rpi/install/local_setup.bash'
[10.209s] INFO:colcon.colcon_core.shell:Creating prefix chain script '/home/claudio/robot_ws/src/kilobot_rpi/install/setup.bash'
[10.278s] INFO:colcon.colcon_core.shell:Creating prefix script '/home/claudio/robot_ws/src/kilobot_rpi/install/local_setup.zsh'
[10.283s] INFO:colcon.colcon_core.shell:Creating prefix chain script '/home/claudio/robot_ws/src/kilobot_rpi/install/setup.zsh'
